app/build/intermediates/manifest_merge_blame_file/debug/manifest-merger-blame-debug-report.txt
1<?xml version="1.0" encoding="utf-8"?>
2<manifest xmlns:android="http://schemas.android.com/apk/res/android"
3    package="com.example.insideout"
4    android:versionCode="1"
5    android:versionName="1.0" >
6
7    <uses-sdk
8        android:minSdkVersion="23"
8-->src/main/AndroidManifest.xml
9        android:targetSdkVersion="32" />
9-->src/main/AndroidManifest.xml
10
11    <uses-permission android:name="android.permission.ACCESS_COARSE_LOCATION" />
11-->src/main/AndroidManifest.xml:5:5-81
11-->src/main/AndroidManifest.xml:5:22-78
12    <uses-permission android:name="android.permission.ACCESS_FINE_LOCATION" />
12-->src/main/AndroidManifest.xml:6:5-79
12-->src/main/AndroidManifest.xml:6:22-76
13    <uses-permission android:name="android.permission.INTERNET" />
13-->src/main/AndroidManifest.xml:7:5-67
13-->src/main/AndroidManifest.xml:7:22-64
14
15    <!-- This app cannot be used on xlargeScreens (e.g. smartTv) -->
16    <supports-screens
16-->src/main/AndroidManifest.xml:10:5-14:40
17        android:largeScreens="true"
17-->src/main/AndroidManifest.xml:13:9-36
18        android:normalScreens="true"
18-->src/main/AndroidManifest.xml:12:9-37
19        android:smallScreens="true"
19-->src/main/AndroidManifest.xml:11:9-36
20        android:xlargeScreens="false" />
20-->src/main/AndroidManifest.xml:14:9-38
21
22    <uses-permission android:name="android.permission.ACCESS_WIFI_STATE" /> <!-- Include required permissions for Google Maps API to run. -->
22-->[com.google.android.libraries.places:places:2.6.0] AndroidManifest.xml:10:5-76
22-->[com.google.android.libraries.places:places:2.6.0] AndroidManifest.xml:10:22-73
23    <uses-permission android:name="android.permission.ACCESS_NETWORK_STATE" />
23-->[com.google.android.gms:play-services-maps:18.0.2] AndroidManifest.xml:23:5-79
23-->[com.google.android.gms:play-services-maps:18.0.2] AndroidManifest.xml:23:22-76
24
25    <uses-feature
25-->[com.google.android.gms:play-services-maps:18.0.2] AndroidManifest.xml:26:5-28:35
26        android:glEsVersion="0x00020000"
26-->[com.google.android.gms:play-services-maps:18.0.2] AndroidManifest.xml:27:9-41
27        android:required="true" />
27-->[com.google.android.gms:play-services-maps:18.0.2] AndroidManifest.xml:28:9-32
28
29    <queries>
29-->[com.google.android.gms:play-services-maps:18.0.2] AndroidManifest.xml:30:5-34:15
30
31        <!-- Needs to be explicitly declared on Android R+ -->
32        <package android:name="com.google.android.apps.maps" />
32-->[com.google.android.gms:play-services-maps:18.0.2] AndroidManifest.xml:33:9-64
32-->[com.google.android.gms:play-services-maps:18.0.2] AndroidManifest.xml:33:18-61
33    </queries>
34
35    <uses-permission android:name="android.permission.WAKE_LOCK" />
35-->[com.google.android.gms:play-services-measurement-api:21.0.0] AndroidManifest.xml:24:5-68
35-->[com.google.android.gms:play-services-measurement-api:21.0.0] AndroidManifest.xml:24:22-65
36    <uses-permission android:name="com.google.android.gms.permission.AD_ID" />
36-->[com.google.android.gms:play-services-measurement-api:21.0.0] AndroidManifest.xml:25:5-79
36-->[com.google.android.gms:play-services-measurement-api:21.0.0] AndroidManifest.xml:25:22-76
37    <uses-permission android:name="com.google.android.finsky.permission.BIND_GET_INSTALL_REFERRER_SERVICE" />
37-->[com.google.android.gms:play-services-measurement:21.0.0] AndroidManifest.xml:26:5-110
37-->[com.google.android.gms:play-services-measurement:21.0.0] AndroidManifest.xml:26:22-107
38
39    <application
39-->src/main/AndroidManifest.xml:16:5-73:19
40        android:allowBackup="true"
40-->src/main/AndroidManifest.xml:17:9-35
41        android:appComponentFactory="androidx.core.app.CoreComponentFactory"
41-->[androidx.core:core:1.7.0] AndroidManifest.xml:24:18-86
42        android:debuggable="true"
43        android:extractNativeLibs="false"
44        android:icon="@mipmap/ic_inside_out"
44-->src/main/AndroidManifest.xml:18:9-45
45        android:label="@string/app_name"
45-->src/main/AndroidManifest.xml:19:9-41
46        android:roundIcon="@mipmap/ic_inside_out_round"
46-->src/main/AndroidManifest.xml:20:9-56
47        android:supportsRtl="true"
47-->src/main/AndroidManifest.xml:21:9-35
48        android:testOnly="true"
49        android:theme="@style/Theme.InsideOut" >
49-->src/main/AndroidManifest.xml:22:9-47
50        <activity
50-->src/main/AndroidManifest.xml:23:9-26:51
51            android:name="com.example.insideout.ActionBaseActivity"
51-->src/main/AndroidManifest.xml:24:13-47
52            android:exported="false"
52-->src/main/AndroidManifest.xml:25:13-37
53            android:screenOrientation="portrait" />
53-->src/main/AndroidManifest.xml:26:13-49
54        <activity
54-->src/main/AndroidManifest.xml:27:9-30:51
55            android:name="com.example.insideout.NoteActivity"
55-->src/main/AndroidManifest.xml:28:13-41
56            android:exported="false"
56-->src/main/AndroidManifest.xml:29:13-37
57            android:screenOrientation="portrait" />
57-->src/main/AndroidManifest.xml:30:13-49
58        <activity
58-->src/main/AndroidManifest.xml:31:9-34:51
59            android:name="com.example.insideout.GPSActivity"
59-->src/main/AndroidManifest.xml:32:13-40
60            android:exported="false"
60-->src/main/AndroidManifest.xml:33:13-37
61            android:screenOrientation="portrait" />
61-->src/main/AndroidManifest.xml:34:13-49
62        <activity
62-->src/main/AndroidManifest.xml:35:9-38:51
63            android:name="com.example.insideout.FilmActivity"
63-->src/main/AndroidManifest.xml:36:13-41
64            android:exported="false"
64-->src/main/AndroidManifest.xml:37:13-37
65            android:screenOrientation="portrait" />
65-->src/main/AndroidManifest.xml:38:13-49
66        <activity
66-->src/main/AndroidManifest.xml:39:9-42:51
67            android:name="com.example.insideout.MusicActivity"
67-->src/main/AndroidManifest.xml:40:13-42
68            android:exported="false"
68-->src/main/AndroidManifest.xml:41:13-37
69            android:screenOrientation="portrait" />
69-->src/main/AndroidManifest.xml:42:13-49
70        <activity
70-->src/main/AndroidManifest.xml:43:9-46:52
71            android:name="com.example.insideout.MoodActivity"
71-->src/main/AndroidManifest.xml:44:13-41
72            android:exported="false"
72-->src/main/AndroidManifest.xml:45:13-37
73            android:screenOrientation="portrait" />
73-->src/main/AndroidManifest.xml:46:13-49
74        <activity
74-->src/main/AndroidManifest.xml:47:9-50:52
75            android:name="com.example.insideout.MoodSelectionActivity"
75-->src/main/AndroidManifest.xml:48:13-50
76            android:exported="false"
76-->src/main/AndroidManifest.xml:49:13-37
77            android:screenOrientation="portrait" />
77-->src/main/AndroidManifest.xml:50:13-49
78        <activity
78-->src/main/AndroidManifest.xml:51:9-54:52
79            android:name="com.example.insideout.HomeActivity"
79-->src/main/AndroidManifest.xml:52:13-41
80            android:exported="false"
80-->src/main/AndroidManifest.xml:53:13-37
81            android:screenOrientation="portrait" />
81-->src/main/AndroidManifest.xml:54:13-49
82        <activity
82-->src/main/AndroidManifest.xml:55:9-64:20
83            android:name="com.example.insideout.MainActivity"
83-->src/main/AndroidManifest.xml:56:13-41
84            android:exported="true"
84-->src/main/AndroidManifest.xml:57:13-36
85            android:screenOrientation="portrait" >
85-->src/main/AndroidManifest.xml:58:13-49
86            <intent-filter>
86-->src/main/AndroidManifest.xml:59:13-63:29
87                <action android:name="android.intent.action.MAIN" />
87-->src/main/AndroidManifest.xml:60:17-69
87-->src/main/AndroidManifest.xml:60:25-66
88
89                <category android:name="android.intent.category.LAUNCHER" />
89-->src/main/AndroidManifest.xml:62:17-77
89-->src/main/AndroidManifest.xml:62:27-74
90            </intent-filter>
91        </activity>
92
93        <meta-data
93-->src/main/AndroidManifest.xml:66:5-68:69
94            android:name="com.google.android.gms.version"
94-->src/main/AndroidManifest.xml:67:13-58
95            android:value="@integer/google_play_services_version" />
95-->src/main/AndroidManifest.xml:68:13-66
96        <meta-data
97            android:name="com.google.android.geo.API_KEY"
97-->src/main/AndroidManifest.xml:70:13-58
98            android:value="AIzaSyCFrS4euLy9Vo7slVxjJSd5ZRjjdJs84KE" />
98-->src/main/AndroidManifest.xml:71:13-44
99
100        <activity
100-->[com.google.android.libraries.places:places:2.6.0] AndroidManifest.xml:14:9-20:20
101            android:name="com.google.android.libraries.places.widget.AutocompleteActivity"
101-->[com.google.android.libraries.places:places:2.6.0] AndroidManifest.xml:15:13-91
102            android:exported="false"
102-->[com.google.android.libraries.places:places:2.6.0] AndroidManifest.xml:16:13-37
103            android:label="@string/places_autocomplete_label"
103-->[com.google.android.libraries.places:places:2.6.0] AndroidManifest.xml:17:13-62
104            android:theme="@style/PlacesAutocompleteOverlay"
104-->[com.google.android.libraries.places:places:2.6.0] AndroidManifest.xml:18:13-61
105            android:windowSoftInputMode="adjustResize" >
105-->[com.google.android.libraries.places:places:2.6.0] AndroidManifest.xml:19:13-55
106        </activity> <!-- Needs to be explicitly declared on P+ -->
107        <uses-library
107-->[com.google.android.gms:play-services-maps:18.0.2] AndroidManifest.xml:39:9-41:40
108            android:name="org.apache.http.legacy"
108-->[com.google.android.gms:play-services-maps:18.0.2] AndroidManifest.xml:40:13-50
109            android:required="false" />
109-->[com.google.android.gms:play-services-maps:18.0.2] AndroidManifest.xml:41:13-37
110
111        <activity
111-->[com.google.android.gms:play-services-auth:20.2.0] AndroidManifest.xml:23:9-27:75
112            android:name="com.google.android.gms.auth.api.signin.internal.SignInHubActivity"
112-->[com.google.android.gms:play-services-auth:20.2.0] AndroidManifest.xml:24:13-93
113            android:excludeFromRecents="true"
113-->[com.google.android.gms:play-services-auth:20.2.0] AndroidManifest.xml:25:13-46
114            android:exported="false"
114-->[com.google.android.gms:play-services-auth:20.2.0] AndroidManifest.xml:26:13-37
115            android:theme="@android:style/Theme.Translucent.NoTitleBar" />
115-->[com.google.android.gms:play-services-auth:20.2.0] AndroidManifest.xml:27:13-72
116        <!--
117            Service handling Google Sign-In user revocation. For apps that do not integrate with
118            Google Sign-In, this service will never be started.
119        -->
120        <service
120-->[com.google.android.gms:play-services-auth:20.2.0] AndroidManifest.xml:33:9-37:51
121            android:name="com.google.android.gms.auth.api.signin.RevocationBoundService"
121-->[com.google.android.gms:play-services-auth:20.2.0] AndroidManifest.xml:34:13-89
122            android:exported="true"
122-->[com.google.android.gms:play-services-auth:20.2.0] AndroidManifest.xml:35:13-36
123            android:permission="com.google.android.gms.auth.api.signin.permission.REVOCATION_NOTIFICATION"
123-->[com.google.android.gms:play-services-auth:20.2.0] AndroidManifest.xml:36:13-107
124            android:visibleToInstantApps="true" />
124-->[com.google.android.gms:play-services-auth:20.2.0] AndroidManifest.xml:37:13-48
125
126        <activity
126-->[com.google.firebase:firebase-auth:21.0.5] AndroidManifest.xml:27:9-44:20
127            android:name="com.google.firebase.auth.internal.GenericIdpActivity"
127-->[com.google.firebase:firebase-auth:21.0.5] AndroidManifest.xml:28:13-80
128            android:excludeFromRecents="true"
128-->[com.google.firebase:firebase-auth:21.0.5] AndroidManifest.xml:29:13-46
129            android:exported="true"
129-->[com.google.firebase:firebase-auth:21.0.5] AndroidManifest.xml:30:13-36
130            android:launchMode="singleTask"
130-->[com.google.firebase:firebase-auth:21.0.5] AndroidManifest.xml:31:13-44
131            android:theme="@android:style/Theme.Translucent.NoTitleBar" >
131-->[com.google.firebase:firebase-auth:21.0.5] AndroidManifest.xml:32:13-72
132            <intent-filter>
132-->[com.google.firebase:firebase-auth:21.0.5] AndroidManifest.xml:33:13-43:29
133                <action android:name="android.intent.action.VIEW" />
133-->[com.google.firebase:firebase-auth:21.0.5] AndroidManifest.xml:34:17-69
133-->[com.google.firebase:firebase-auth:21.0.5] AndroidManifest.xml:34:25-66
134
135                <category android:name="android.intent.category.DEFAULT" />
135-->[com.google.firebase:firebase-auth:21.0.5] AndroidManifest.xml:36:17-76
135-->[com.google.firebase:firebase-auth:21.0.5] AndroidManifest.xml:36:27-73
136                <category android:name="android.intent.category.BROWSABLE" />
136-->[com.google.firebase:firebase-auth:21.0.5] AndroidManifest.xml:37:17-78
136-->[com.google.firebase:firebase-auth:21.0.5] AndroidManifest.xml:37:27-75
137
138                <data
138-->[com.google.firebase:firebase-auth:21.0.5] AndroidManifest.xml:39:17-42:51
139                    android:host="firebase.auth"
139-->[com.google.firebase:firebase-auth:21.0.5] AndroidManifest.xml:40:21-49
140                    android:path="/"
140-->[com.google.firebase:firebase-auth:21.0.5] AndroidManifest.xml:41:21-37
141                    android:scheme="genericidp" />
141-->[com.google.firebase:firebase-auth:21.0.5] AndroidManifest.xml:42:21-48
142            </intent-filter>
143        </activity>
144        <activity
144-->[com.google.firebase:firebase-auth:21.0.5] AndroidManifest.xml:45:9-62:20
145            android:name="com.google.firebase.auth.internal.RecaptchaActivity"
145-->[com.google.firebase:firebase-auth:21.0.5] AndroidManifest.xml:46:13-79
146            android:excludeFromRecents="true"
146-->[com.google.firebase:firebase-auth:21.0.5] AndroidManifest.xml:47:13-46
147            android:exported="true"
147-->[com.google.firebase:firebase-auth:21.0.5] AndroidManifest.xml:48:13-36
148            android:launchMode="singleTask"
148-->[com.google.firebase:firebase-auth:21.0.5] AndroidManifest.xml:49:13-44
149            android:theme="@android:style/Theme.Translucent.NoTitleBar" >
149-->[com.google.firebase:firebase-auth:21.0.5] AndroidManifest.xml:50:13-72
150            <intent-filter>
150-->[com.google.firebase:firebase-auth:21.0.5] AndroidManifest.xml:51:13-61:29
151                <action android:name="android.intent.action.VIEW" />
151-->[com.google.firebase:firebase-auth:21.0.5] AndroidManifest.xml:34:17-69
151-->[com.google.firebase:firebase-auth:21.0.5] AndroidManifest.xml:34:25-66
152
153                <category android:name="android.intent.category.DEFAULT" />
153-->[com.google.firebase:firebase-auth:21.0.5] AndroidManifest.xml:36:17-76
153-->[com.google.firebase:firebase-auth:21.0.5] AndroidManifest.xml:36:27-73
154                <category android:name="android.intent.category.BROWSABLE" />
154-->[com.google.firebase:firebase-auth:21.0.5] AndroidManifest.xml:37:17-78
154-->[com.google.firebase:firebase-auth:21.0.5] AndroidManifest.xml:37:27-75
155
156                <data
156-->[com.google.firebase:firebase-auth:21.0.5] AndroidManifest.xml:39:17-42:51
157                    android:host="firebase.auth"
157-->[com.google.firebase:firebase-auth:21.0.5] AndroidManifest.xml:40:21-49
158                    android:path="/"
158-->[com.google.firebase:firebase-auth:21.0.5] AndroidManifest.xml:41:21-37
159                    android:scheme="recaptcha" />
159-->[com.google.firebase:firebase-auth:21.0.5] AndroidManifest.xml:42:21-48
160            </intent-filter>
161        </activity>
162
163        <service
163-->[com.google.firebase:firebase-auth:21.0.5] AndroidManifest.xml:64:9-70:19
164            android:name="com.google.firebase.components.ComponentDiscoveryService"
164-->[com.google.firebase:firebase-auth:21.0.5] AndroidManifest.xml:65:13-84
165            android:directBootAware="true"
165-->[com.google.firebase:firebase-common:20.1.1] AndroidManifest.xml:35:13-43
166            android:exported="false" >
166-->[com.google.firebase:firebase-auth:21.0.5] AndroidManifest.xml:66:13-37
167            <meta-data
167-->[com.google.firebase:firebase-auth:21.0.5] AndroidManifest.xml:67:13-69:85
168                android:name="com.google.firebase.components:com.google.firebase.auth.FirebaseAuthRegistrar"
168-->[com.google.firebase:firebase-auth:21.0.5] AndroidManifest.xml:68:17-109
169                android:value="com.google.firebase.components.ComponentRegistrar" />
169-->[com.google.firebase:firebase-auth:21.0.5] AndroidManifest.xml:69:17-82
170            <meta-data
170-->[com.google.firebase:firebase-firestore:24.1.2] AndroidManifest.xml:20:13-22:85
171                android:name="com.google.firebase.components:com.google.firebase.firestore.FirestoreRegistrar"
171-->[com.google.firebase:firebase-firestore:24.1.2] AndroidManifest.xml:21:17-111
172                android:value="com.google.firebase.components.ComponentRegistrar" />
172-->[com.google.firebase:firebase-firestore:24.1.2] AndroidManifest.xml:22:17-82
173            <meta-data
173-->[com.google.firebase:firebase-storage:20.0.1] AndroidManifest.xml:33:13-35:85
174                android:name="com.google.firebase.components:com.google.firebase.storage.StorageRegistrar"
174-->[com.google.firebase:firebase-storage:20.0.1] AndroidManifest.xml:34:17-107
175                android:value="com.google.firebase.components.ComponentRegistrar" />
175-->[com.google.firebase:firebase-storage:20.0.1] AndroidManifest.xml:35:17-82
176            <meta-data
176-->[com.google.android.gms:play-services-measurement-api:21.0.0] AndroidManifest.xml:31:13-33:85
177                android:name="com.google.firebase.components:com.google.firebase.analytics.connector.internal.AnalyticsConnectorRegistrar"
177-->[com.google.android.gms:play-services-measurement-api:21.0.0] AndroidManifest.xml:32:17-139
178                android:value="com.google.firebase.components.ComponentRegistrar" />
178-->[com.google.android.gms:play-services-measurement-api:21.0.0] AndroidManifest.xml:33:17-82
179            <meta-data
179-->[com.google.firebase:firebase-installations:17.0.1] AndroidManifest.xml:18:13-20:85
180                android:name="com.google.firebase.components:com.google.firebase.installations.FirebaseInstallationsRegistrar"
180-->[com.google.firebase:firebase-installations:17.0.1] AndroidManifest.xml:19:17-127
181                android:value="com.google.firebase.components.ComponentRegistrar" />
181-->[com.google.firebase:firebase-installations:17.0.1] AndroidManifest.xml:20:17-82
182        </service>
183        <service
183-->[androidx.room:room-runtime:2.4.2] AndroidManifest.xml:25:9-28:40
184            android:name="androidx.room.MultiInstanceInvalidationService"
184-->[androidx.room:room-runtime:2.4.2] AndroidManifest.xml:26:13-74
185            android:directBootAware="true"
185-->[androidx.room:room-runtime:2.4.2] AndroidManifest.xml:27:13-43
186            android:exported="false" />
186-->[androidx.room:room-runtime:2.4.2] AndroidManifest.xml:28:13-37
187
188        <provider
188-->[com.google.firebase:firebase-common:20.1.1] AndroidManifest.xml:26:9-31:39
189            android:name="com.google.firebase.provider.FirebaseInitProvider"
189-->[com.google.firebase:firebase-common:20.1.1] AndroidManifest.xml:27:13-77
190            android:authorities="com.example.insideout.firebaseinitprovider"
190-->[com.google.firebase:firebase-common:20.1.1] AndroidManifest.xml:28:13-72
191            android:directBootAware="true"
191-->[com.google.firebase:firebase-common:20.1.1] AndroidManifest.xml:29:13-43
192            android:exported="false"
192-->[com.google.firebase:firebase-common:20.1.1] AndroidManifest.xml:30:13-37
193            android:initOrder="100" />
193-->[com.google.firebase:firebase-common:20.1.1] AndroidManifest.xml:31:13-36
194
195        <activity
195-->[com.google.android.gms:play-services-base:18.0.1] AndroidManifest.xml:20:9-22:45
196            android:name="com.google.android.gms.common.api.GoogleApiActivity"
196-->[com.google.android.gms:play-services-base:18.0.1] AndroidManifest.xml:20:19-85
197            android:exported="false"
197-->[com.google.android.gms:play-services-base:18.0.1] AndroidManifest.xml:22:19-43
198            android:theme="@android:style/Theme.Translucent.NoTitleBar" />
198-->[com.google.android.gms:play-services-base:18.0.1] AndroidManifest.xml:21:19-78
199
200        <receiver
200-->[com.google.android.gms:play-services-measurement:21.0.0] AndroidManifest.xml:29:9-33:20
201            android:name="com.google.android.gms.measurement.AppMeasurementReceiver"
201-->[com.google.android.gms:play-services-measurement:21.0.0] AndroidManifest.xml:30:13-85
202            android:enabled="true"
202-->[com.google.android.gms:play-services-measurement:21.0.0] AndroidManifest.xml:31:13-35
203            android:exported="false" >
203-->[com.google.android.gms:play-services-measurement:21.0.0] AndroidManifest.xml:32:13-37
204        </receiver>
205
206        <service
206-->[com.google.android.gms:play-services-measurement:21.0.0] AndroidManifest.xml:35:9-38:40
207            android:name="com.google.android.gms.measurement.AppMeasurementService"
207-->[com.google.android.gms:play-services-measurement:21.0.0] AndroidManifest.xml:36:13-84
208            android:enabled="true"
208-->[com.google.android.gms:play-services-measurement:21.0.0] AndroidManifest.xml:37:13-35
209            android:exported="false" />
209-->[com.google.android.gms:play-services-measurement:21.0.0] AndroidManifest.xml:38:13-37
210        <service
210-->[com.google.android.gms:play-services-measurement:21.0.0] AndroidManifest.xml:39:9-43:72
211            android:name="com.google.android.gms.measurement.AppMeasurementJobService"
211-->[com.google.android.gms:play-services-measurement:21.0.0] AndroidManifest.xml:40:13-87
212            android:enabled="true"
212-->[com.google.android.gms:play-services-measurement:21.0.0] AndroidManifest.xml:41:13-35
213            android:exported="false"
213-->[com.google.android.gms:play-services-measurement:21.0.0] AndroidManifest.xml:42:13-37
214            android:permission="android.permission.BIND_JOB_SERVICE" />
214-->[com.google.android.gms:play-services-measurement:21.0.0] AndroidManifest.xml:43:13-69
215        <service
215-->[com.google.android.datatransport:transport-backend-cct:2.3.0] AndroidManifest.xml:29:9-35:19
216            android:name="com.google.android.datatransport.runtime.backends.TransportBackendDiscovery"
216-->[com.google.android.datatransport:transport-backend-cct:2.3.0] AndroidManifest.xml:30:13-103
217            android:exported="false" >
217-->[com.google.android.datatransport:transport-backend-cct:2.3.0] AndroidManifest.xml:31:13-37
218            <meta-data
218-->[com.google.android.datatransport:transport-backend-cct:2.3.0] AndroidManifest.xml:32:13-34:39
219                android:name="backend:com.google.android.datatransport.cct.CctBackendFactory"
219-->[com.google.android.datatransport:transport-backend-cct:2.3.0] AndroidManifest.xml:33:17-94
220                android:value="cct" />
220-->[com.google.android.datatransport:transport-backend-cct:2.3.0] AndroidManifest.xml:34:17-36
221        </service>
222        <service
222-->[com.google.android.datatransport:transport-runtime:2.2.3] AndroidManifest.xml:26:9-30:19
223            android:name="com.google.android.datatransport.runtime.scheduling.jobscheduling.JobInfoSchedulerService"
223-->[com.google.android.datatransport:transport-runtime:2.2.3] AndroidManifest.xml:27:13-117
224            android:exported="false"
224-->[com.google.android.datatransport:transport-runtime:2.2.3] AndroidManifest.xml:28:13-37
225            android:permission="android.permission.BIND_JOB_SERVICE" >
225-->[com.google.android.datatransport:transport-runtime:2.2.3] AndroidManifest.xml:29:13-69
226        </service>
227
228        <receiver
228-->[com.google.android.datatransport:transport-runtime:2.2.3] AndroidManifest.xml:32:9-34:40
229            android:name="com.google.android.datatransport.runtime.scheduling.jobscheduling.AlarmManagerSchedulerBroadcastReceiver"
229-->[com.google.android.datatransport:transport-runtime:2.2.3] AndroidManifest.xml:33:13-132
230            android:exported="false" />
230-->[com.google.android.datatransport:transport-runtime:2.2.3] AndroidManifest.xml:34:13-37
231
232        <provider
232-->[androidx.emoji2:emoji2:1.0.0] AndroidManifest.xml:26:9-34:20
233            android:name="androidx.startup.InitializationProvider"
233-->[androidx.emoji2:emoji2:1.0.0] AndroidManifest.xml:27:13-67
234            android:authorities="com.example.insideout.androidx-startup"
234-->[androidx.emoji2:emoji2:1.0.0] AndroidManifest.xml:28:13-68
235            android:exported="false" >
235-->[androidx.emoji2:emoji2:1.0.0] AndroidManifest.xml:29:13-37
236            <meta-data
236-->[androidx.emoji2:emoji2:1.0.0] AndroidManifest.xml:31:13-33:52
237                android:name="androidx.emoji2.text.EmojiCompatInitializer"
237-->[androidx.emoji2:emoji2:1.0.0] AndroidManifest.xml:32:17-75
238                android:value="androidx.startup" />
238-->[androidx.emoji2:emoji2:1.0.0] AndroidManifest.xml:33:17-49
239            <meta-data
239-->[androidx.lifecycle:lifecycle-process:2.4.0] AndroidManifest.xml:31:13-33:52
240                android:name="androidx.lifecycle.ProcessLifecycleInitializer"
240-->[androidx.lifecycle:lifecycle-process:2.4.0] AndroidManifest.xml:32:17-78
241                android:value="androidx.startup" />
241-->[androidx.lifecycle:lifecycle-process:2.4.0] AndroidManifest.xml:33:17-49
242        </provider>
243    </application>
244
245</manifest>